2023-05-11 09:57:08,879 INFO [31m[1mWARNING: This is a development server. Do not use it in a production deployment. Use a production WSGI server instead.[0m
 * Running on http://127.0.0.1:5000
2023-05-11 09:57:08,880 INFO [33mPress CTRL+C to quit[0m
2023-05-11 09:57:08,882 INFO  * Restarting with stat
2023-05-11 09:57:10,123 WARNING  * Debugger is active!
2023-05-11 09:57:10,126 INFO  * Debugger PIN: 663-554-568
2023-05-11 10:02:19,503 INFO 127.0.0.1 - - [11/May/2023 10:02:19] "GET /web/paginationdata HTTP/1.1" 200 -
2023-05-11 10:02:25,100 INFO 127.0.0.1 - - [11/May/2023 10:02:25] "GET /web/paginationdata?page=1 HTTP/1.1" 200 -
2023-05-11 10:02:27,416 INFO 127.0.0.1 - - [11/May/2023 10:02:27] "GET /web/paginationdata?page=1 HTTP/1.1" 200 -
2023-05-11 10:04:36,864 INFO 127.0.0.1 - - [11/May/2023 10:04:36] "GET /web/singledelete HTTP/1.1" 200 -
2023-05-11 10:04:41,932 INFO 127.0.0.1 - - [11/May/2023 10:04:41] "GET /web/signin HTTP/1.1" 200 -
2023-05-11 10:05:27,491 INFO 127.0.0.1 - - [11/May/2023 10:05:27] "[32mPOST /web/signin HTTP/1.1[0m" 302 -
2023-05-11 10:05:27,511 INFO 127.0.0.1 - - [11/May/2023 10:05:27] "GET /web/home HTTP/1.1" 200 -
2023-05-11 10:05:37,854 INFO 127.0.0.1 - - [11/May/2023 10:05:37] "GET /web/singledelete HTTP/1.1" 200 -
2023-05-11 10:06:28,442 INFO 127.0.0.1 - - [11/May/2023 10:06:28] "GET /web/multipledelete HTTP/1.1" 200 -
2023-05-11 10:08:49,380 INFO  * Detected change in 'D:\\satya\\django_tutorial\\practical_flask\\linkblueprint.py', reloading
2023-05-11 10:08:49,531 INFO  * Restarting with stat
2023-05-11 10:08:50,960 WARNING  * Debugger is active!
2023-05-11 10:08:50,963 INFO  * Debugger PIN: 663-554-568
2023-05-11 10:11:53,149 INFO  * Detected change in 'D:\\satya\\django_tutorial\\practical_flask\\linkblueprint.py', reloading
2023-05-11 10:11:53,297 INFO  * Restarting with stat
2023-05-11 10:11:54,633 WARNING  * Debugger is active!
2023-05-11 10:11:54,637 INFO  * Debugger PIN: 663-554-568
2023-05-11 10:13:21,209 INFO  * Detected change in 'D:\\satya\\django_tutorial\\practical_flask\\linkblueprint.py', reloading
2023-05-11 10:13:21,359 INFO  * Restarting with stat
2023-05-11 10:13:22,709 WARNING  * Debugger is active!
2023-05-11 10:13:22,713 INFO  * Debugger PIN: 663-554-568
2023-05-11 10:18:01,576 INFO  * Detected change in 'D:\\satya\\django_tutorial\\practical_flask\\linkblueprint.py', reloading
2023-05-11 10:18:01,718 INFO  * Restarting with stat
2023-05-11 10:18:03,057 WARNING  * Debugger is active!
2023-05-11 10:18:03,062 INFO  * Debugger PIN: 663-554-568
2023-05-11 10:22:07,864 INFO  * Detected change in 'D:\\satya\\django_tutorial\\practical_flask\\linkblueprint.py', reloading
2023-05-11 10:22:07,997 INFO  * Restarting with stat
2023-05-11 10:22:10,347 WARNING  * Debugger is active!
2023-05-11 10:22:10,350 INFO  * Debugger PIN: 663-554-568
2023-05-11 11:21:58,403 INFO  * Detected change in 'D:\\satya\\django_tutorial\\practical_flask\\linkblueprint.py', reloading
2023-05-11 11:21:58,601 INFO  * Restarting with stat
2023-05-11 11:22:00,910 WARNING  * Debugger is active!
2023-05-11 11:22:00,917 INFO  * Debugger PIN: 663-554-568
2023-05-11 11:22:01,950 INFO  * Detected change in 'D:\\satya\\django_tutorial\\practical_flask\\linkblueprint.py', reloading
2023-05-11 11:22:02,124 INFO  * Restarting with stat
2023-05-11 11:22:03,410 WARNING  * Debugger is active!
2023-05-11 11:22:03,413 INFO  * Debugger PIN: 663-554-568
2023-05-11 11:23:21,911 INFO  * Detected change in 'D:\\satya\\django_tutorial\\practical_flask\\linkblueprint.py', reloading
2023-05-11 11:23:22,051 INFO  * Restarting with stat
2023-05-11 11:23:23,572 WARNING  * Debugger is active!
2023-05-11 11:23:23,576 INFO  * Debugger PIN: 663-554-568
2023-05-11 11:27:17,461 INFO  * Detected change in 'D:\\satya\\django_tutorial\\practical_flask\\linkblueprint.py', reloading
2023-05-11 11:27:17,603 INFO  * Restarting with stat
2023-05-11 11:27:18,965 WARNING  * Debugger is active!
2023-05-11 11:27:18,969 INFO  * Debugger PIN: 663-554-568
2023-05-11 11:27:31,063 INFO  * Detected change in 'D:\\satya\\django_tutorial\\practical_flask\\linkblueprint.py', reloading
2023-05-11 11:27:31,199 INFO  * Restarting with stat
2023-05-11 11:27:32,547 WARNING  * Debugger is active!
2023-05-11 11:27:32,550 INFO  * Debugger PIN: 663-554-568
2023-05-11 11:27:43,685 INFO  * Detected change in 'D:\\satya\\django_tutorial\\practical_flask\\linkblueprint.py', reloading
2023-05-11 11:27:43,820 INFO  * Restarting with stat
2023-05-11 11:27:45,224 WARNING  * Debugger is active!
2023-05-11 11:27:45,227 INFO  * Debugger PIN: 663-554-568
2023-05-11 11:28:11,414 INFO  * Detected change in 'D:\\satya\\django_tutorial\\practical_flask\\linkblueprint.py', reloading
2023-05-11 11:28:11,555 INFO  * Restarting with stat
2023-05-11 11:28:12,939 WARNING  * Debugger is active!
2023-05-11 11:28:12,942 INFO  * Debugger PIN: 663-554-568
2023-05-11 11:28:26,038 INFO  * Detected change in 'D:\\satya\\django_tutorial\\practical_flask\\linkblueprint.py', reloading
2023-05-11 11:28:26,206 INFO  * Restarting with stat
2023-05-11 11:28:27,536 WARNING  * Debugger is active!
2023-05-11 11:28:27,539 INFO  * Debugger PIN: 663-554-568
2023-05-11 11:28:44,665 INFO  * Detected change in 'D:\\satya\\django_tutorial\\practical_flask\\linkblueprint.py', reloading
2023-05-11 11:28:44,797 INFO  * Restarting with stat
2023-05-11 11:28:46,258 WARNING  * Debugger is active!
2023-05-11 11:28:46,261 INFO  * Debugger PIN: 663-554-568
2023-05-11 11:29:48,688 INFO  * Detected change in 'D:\\satya\\django_tutorial\\practical_flask\\linkblueprint.py', reloading
2023-05-11 11:29:48,818 INFO  * Restarting with stat
2023-05-11 11:29:50,254 WARNING  * Debugger is active!
2023-05-11 11:29:50,257 INFO  * Debugger PIN: 663-554-568
2023-05-11 11:30:47,720 INFO  * Detected change in 'D:\\satya\\django_tutorial\\practical_flask\\linkblueprint.py', reloading
2023-05-11 11:30:47,854 INFO  * Restarting with stat
2023-05-11 11:30:49,226 WARNING  * Debugger is active!
2023-05-11 11:30:49,229 INFO  * Debugger PIN: 663-554-568
2023-05-11 11:31:00,317 INFO  * Detected change in 'D:\\satya\\django_tutorial\\practical_flask\\linkblueprint.py', reloading
2023-05-11 11:31:00,496 INFO  * Restarting with stat
2023-05-11 11:31:01,997 WARNING  * Debugger is active!
2023-05-11 11:31:02,002 INFO  * Debugger PIN: 663-554-568
2023-05-11 11:31:44,297 INFO  * Detected change in 'D:\\satya\\django_tutorial\\practical_flask\\linkblueprint.py', reloading
2023-05-11 11:31:44,423 INFO  * Restarting with stat
2023-05-11 11:31:45,681 WARNING  * Debugger is active!
2023-05-11 11:31:45,684 INFO  * Debugger PIN: 663-554-568
2023-05-11 11:32:13,851 INFO  * Detected change in 'D:\\satya\\django_tutorial\\practical_flask\\linkblueprint.py', reloading
2023-05-11 11:32:14,135 INFO  * Restarting with stat
2023-05-11 11:32:16,831 WARNING  * Debugger is active!
2023-05-11 11:32:16,838 INFO  * Debugger PIN: 663-554-568
2023-05-11 11:33:09,345 INFO  * Detected change in 'D:\\satya\\django_tutorial\\practical_flask\\userapi.py', reloading
2023-05-11 11:33:09,469 INFO  * Restarting with stat
2023-05-11 11:33:10,756 WARNING  * Debugger is active!
2023-05-11 11:33:10,759 INFO  * Debugger PIN: 663-554-568
2023-05-11 11:34:06,141 INFO  * Detected change in 'D:\\satya\\django_tutorial\\practical_flask\\userapi.py', reloading
2023-05-11 11:34:06,278 INFO  * Restarting with stat
2023-05-11 11:34:07,685 WARNING  * Debugger is active!
2023-05-11 11:34:07,689 INFO  * Debugger PIN: 663-554-568
2023-05-11 11:35:45,365 INFO  * Detected change in 'D:\\satya\\django_tutorial\\practical_flask\\userapi.py', reloading
2023-05-11 11:35:45,517 INFO  * Restarting with stat
2023-05-11 11:35:46,894 WARNING  * Debugger is active!
2023-05-11 11:35:46,898 INFO  * Debugger PIN: 663-554-568
2023-05-11 11:37:54,765 INFO  * Detected change in 'D:\\satya\\django_tutorial\\practical_flask\\userapi.py', reloading
2023-05-11 11:37:54,901 INFO  * Restarting with stat
2023-05-11 11:37:56,175 WARNING  * Debugger is active!
2023-05-11 11:37:56,179 INFO  * Debugger PIN: 663-554-568
2023-05-11 11:39:45,884 INFO  * Detected change in 'D:\\satya\\django_tutorial\\practical_flask\\flaskapi.py', reloading
2023-05-11 11:39:46,028 INFO  * Restarting with stat
2023-05-11 11:39:47,751 WARNING  * Debugger is active!
2023-05-11 11:39:47,754 INFO  * Debugger PIN: 663-554-568
2023-05-11 11:42:57,047 INFO  * Detected change in 'D:\\satya\\django_tutorial\\practical_flask\\flaskapi.py', reloading
2023-05-11 11:42:57,188 INFO  * Restarting with stat
2023-05-11 11:42:58,617 WARNING  * Debugger is active!
2023-05-11 11:42:58,620 INFO  * Debugger PIN: 663-554-568
2023-05-11 11:43:07,707 INFO  * Detected change in 'D:\\satya\\django_tutorial\\practical_flask\\flaskapi.py', reloading
2023-05-11 11:43:07,848 INFO  * Restarting with stat
2023-05-11 11:43:09,614 WARNING  * Debugger is active!
2023-05-11 11:43:09,620 INFO  * Debugger PIN: 663-554-568
2023-05-11 11:44:55,323 INFO  * Detected change in 'D:\\satya\\django_tutorial\\practical_flask\\blueprintsflask.py', reloading
2023-05-11 11:44:55,450 INFO  * Restarting with stat
2023-05-11 11:44:56,685 WARNING  * Debugger is active!
2023-05-11 11:44:56,688 INFO  * Debugger PIN: 663-554-568
2023-05-11 18:17:47,557 INFO [31m[1mWARNING: This is a development server. Do not use it in a production deployment. Use a production WSGI server instead.[0m
 * Running on http://127.0.0.1:5000
2023-05-11 18:17:47,558 INFO [33mPress CTRL+C to quit[0m
2023-05-11 18:17:47,562 INFO  * Restarting with stat
2023-05-11 18:17:48,764 WARNING  * Debugger is active!
2023-05-11 18:17:48,767 INFO  * Debugger PIN: 663-554-568
2023-05-11 18:19:13,363 INFO [31m[1mWARNING: This is a development server. Do not use it in a production deployment. Use a production WSGI server instead.[0m
 * Running on http://127.0.0.1:5000
2023-05-11 18:19:13,363 INFO [33mPress CTRL+C to quit[0m
2023-05-11 18:19:13,365 INFO  * Restarting with stat
2023-05-11 18:19:14,616 WARNING  * Debugger is active!
2023-05-11 18:19:14,619 INFO  * Debugger PIN: 663-554-568
2023-05-11 18:19:39,454 INFO 127.0.0.1 - - [11/May/2023 18:19:39] "GET /web/savecsv HTTP/1.1" 200 -
2023-05-11 18:19:51,255 INFO 127.0.0.1 - - [11/May/2023 18:19:51] "[32mPOST /web/savecsv HTTP/1.1[0m" 302 -
2023-05-11 18:19:51,285 INFO 127.0.0.1 - - [11/May/2023 18:19:51] "GET /web/home HTTP/1.1" 200 -
2023-05-11 18:32:09,777 INFO 127.0.0.1 - - [11/May/2023 18:32:09] "GET /web/multipledelete HTTP/1.1" 200 -
