2023-05-09 12:08:40,846 ERROR No data inserted successfully here please check in signup function <class 'Exception'>
2023-05-09 12:15:23,575 ERROR error in usertable creation here  <class 'Exception'>
2023-05-09 14:01:06,331 ERROR can not insert data successfully Working outside of request context.

This typically means that you attempted to use functionality that needed
an active HTTP request. Consult the documentation on testing for
information about how to avoid this problem.
2023-05-09 14:01:25,988 ERROR can not insert data successfully Working outside of request context.

This typically means that you attempted to use functionality that needed
an active HTTP request. Consult the documentation on testing for
information about how to avoid this problem.
2023-05-09 14:03:03,109 ERROR can not insert data successfully Working outside of request context.

This typically means that you attempted to use functionality that needed
an active HTTP request. Consult the documentation on testing for
information about how to avoid this problem.
2023-05-09 14:04:03,785 ERROR can not insert data successfully Working outside of request context.

This typically means that you attempted to use functionality that needed
an active HTTP request. Consult the documentation on testing for
information about how to avoid this problem.
2023-05-09 14:05:17,522 ERROR can not insert data successfully Working outside of request context.

This typically means that you attempted to use functionality that needed
an active HTTP request. Consult the documentation on testing for
information about how to avoid this problem.
2023-05-09 14:06:11,231 ERROR can not insert data successfully Working outside of request context.

This typically means that you attempted to use functionality that needed
an active HTTP request. Consult the documentation on testing for
information about how to avoid this problem.
